CRITICAL - 2022-03-27 20:06:15 --> Class 'App\Controllers\PortoModel' not found
#0 C:\laragon\www\codeigniter4\system\CodeIgniter.php(809): App\Controllers\Home->__construct()
#1 C:\laragon\www\codeigniter4\system\CodeIgniter.php(410): CodeIgniter\CodeIgniter->createController()
#2 C:\laragon\www\codeigniter4\system\CodeIgniter.php(326): CodeIgniter\CodeIgniter->handleRequest(NULL, Object(Config\Cache), false)
#3 C:\laragon\www\codeigniter4\public\index.php(37): CodeIgniter\CodeIgniter->run()
#4 C:\laragon\www\codeigniter4\system\Commands\Server\rewrite.php(43): require_once('C:\\laragon\\www\\...')
#5 {main}
CRITICAL - 2022-03-27 20:07:34 --> Undefined variable: Porto
#0 C:\laragon\www\codeigniter4\app\Controllers\Home.php(21): CodeIgniter\Debug\Exceptions->errorHandler(8, 'Undefined varia...', 'C:\\laragon\\www\\...', 21, Array)
#1 C:\laragon\www\codeigniter4\system\CodeIgniter.php(832): App\Controllers\Home->index()
#2 C:\laragon\www\codeigniter4\system\CodeIgniter.php(419): CodeIgniter\CodeIgniter->runController(Object(App\Controllers\Home))
#3 C:\laragon\www\codeigniter4\system\CodeIgniter.php(326): CodeIgniter\CodeIgniter->handleRequest(NULL, Object(Config\Cache), false)
#4 C:\laragon\www\codeigniter4\public\index.php(37): CodeIgniter\CodeIgniter->run()
#5 C:\laragon\www\codeigniter4\system\Commands\Server\rewrite.php(43): require_once('C:\\laragon\\www\\...')
#6 {main}
CRITICAL - 2022-03-27 20:09:09 --> Undefined variable: Porto
#0 C:\laragon\www\codeigniter4\app\Controllers\Home.php(21): CodeIgniter\Debug\Exceptions->errorHandler(8, 'Undefined varia...', 'C:\\laragon\\www\\...', 21, Array)
#1 C:\laragon\www\codeigniter4\system\CodeIgniter.php(832): App\Controllers\Home->index()
#2 C:\laragon\www\codeigniter4\system\CodeIgniter.php(419): CodeIgniter\CodeIgniter->runController(Object(App\Controllers\Home))
#3 C:\laragon\www\codeigniter4\system\CodeIgniter.php(326): CodeIgniter\CodeIgniter->handleRequest(NULL, Object(Config\Cache), false)
#4 C:\laragon\www\codeigniter4\public\index.php(37): CodeIgniter\CodeIgniter->run()
#5 C:\laragon\www\codeigniter4\system\Commands\Server\rewrite.php(43): require_once('C:\\laragon\\www\\...')
#6 {main}
CRITICAL - 2022-03-27 20:12:05 --> Undefined variable: Porto
#0 C:\laragon\www\codeigniter4\app\Controllers\Home.php(21): CodeIgniter\Debug\Exceptions->errorHandler(8, 'Undefined varia...', 'C:\\laragon\\www\\...', 21, Array)
#1 C:\laragon\www\codeigniter4\system\CodeIgniter.php(832): App\Controllers\Home->index()
#2 C:\laragon\www\codeigniter4\system\CodeIgniter.php(419): CodeIgniter\CodeIgniter->runController(Object(App\Controllers\Home))
#3 C:\laragon\www\codeigniter4\system\CodeIgniter.php(326): CodeIgniter\CodeIgniter->handleRequest(NULL, Object(Config\Cache), false)
#4 C:\laragon\www\codeigniter4\public\index.php(37): CodeIgniter\CodeIgniter->run()
#5 C:\laragon\www\codeigniter4\system\Commands\Server\rewrite.php(43): require_once('C:\\laragon\\www\\...')
#6 {main}
CRITICAL - 2022-03-27 20:25:31 --> syntax error, unexpected 'orderBy' (T_STRING)
#0 C:\laragon\www\codeigniter4\system\Autoloader\Autoloader.php(241): CodeIgniter\Autoloader\Autoloader->includeFile('C:\\laragon\\www\\...')
#1 C:\laragon\www\codeigniter4\system\Autoloader\Autoloader.php(219): CodeIgniter\Autoloader\Autoloader->loadInNamespace('App\\Models\\Port...')
#2 [internal function]: CodeIgniter\Autoloader\Autoloader->loadClass('App\\Models\\Port...')
#3 C:\laragon\www\codeigniter4\app\Controllers\Home.php(11): spl_autoload_call('App\\Models\\Port...')
#4 C:\laragon\www\codeigniter4\system\CodeIgniter.php(809): App\Controllers\Home->__construct()
#5 C:\laragon\www\codeigniter4\system\CodeIgniter.php(410): CodeIgniter\CodeIgniter->createController()
#6 C:\laragon\www\codeigniter4\system\CodeIgniter.php(326): CodeIgniter\CodeIgniter->handleRequest(NULL, Object(Config\Cache), false)
#7 C:\laragon\www\codeigniter4\public\index.php(37): CodeIgniter\CodeIgniter->run()
#8 C:\laragon\www\codeigniter4\system\Commands\Server\rewrite.php(43): require_once('C:\\laragon\\www\\...')
#9 {main}
CRITICAL - 2022-03-27 20:25:31 --> syntax error, unexpected 'orderBy' (T_STRING)
#0 C:\laragon\www\codeigniter4\system\Autoloader\Autoloader.php(241): CodeIgniter\Autoloader\Autoloader->includeFile('C:\\laragon\\www\\...')
#1 C:\laragon\www\codeigniter4\system\Autoloader\Autoloader.php(219): CodeIgniter\Autoloader\Autoloader->loadInNamespace('App\\Models\\Port...')
#2 [internal function]: CodeIgniter\Autoloader\Autoloader->loadClass('App\\Models\\Port...')
#3 C:\laragon\www\codeigniter4\app\Controllers\Home.php(11): spl_autoload_call('App\\Models\\Port...')
#4 C:\laragon\www\codeigniter4\system\CodeIgniter.php(809): App\Controllers\Home->__construct()
#5 C:\laragon\www\codeigniter4\system\CodeIgniter.php(410): CodeIgniter\CodeIgniter->createController()
#6 C:\laragon\www\codeigniter4\system\CodeIgniter.php(326): CodeIgniter\CodeIgniter->handleRequest(NULL, Object(Config\Cache), false)
#7 C:\laragon\www\codeigniter4\public\index.php(37): CodeIgniter\CodeIgniter->run()
#8 C:\laragon\www\codeigniter4\system\Commands\Server\rewrite.php(43): require_once('C:\\laragon\\www\\...')
#9 {main}
CRITICAL - 2022-03-27 20:48:19 --> Undefined variable: Porto
#0 C:\laragon\www\codeigniter4\app\Views\home.php(86): CodeIgniter\Debug\Exceptions->errorHandler(8, 'Undefined varia...', 'C:\\laragon\\www\\...', 86, Array)
#1 C:\laragon\www\codeigniter4\system\View\View.php(210): include('C:\\laragon\\www\\...')
#2 C:\laragon\www\codeigniter4\system\View\View.php(213): CodeIgniter\View\View->CodeIgniter\View\{closure}()
#3 C:\laragon\www\codeigniter4\system\Common.php(1089): CodeIgniter\View\View->render('home', Array, true)
#4 C:\laragon\www\codeigniter4\app\Controllers\Home.php(23): view('home', Array)
#5 C:\laragon\www\codeigniter4\system\CodeIgniter.php(832): App\Controllers\Home->index()
#6 C:\laragon\www\codeigniter4\system\CodeIgniter.php(419): CodeIgniter\CodeIgniter->runController(Object(App\Controllers\Home))
#7 C:\laragon\www\codeigniter4\system\CodeIgniter.php(326): CodeIgniter\CodeIgniter->handleRequest(NULL, Object(Config\Cache), false)
#8 C:\laragon\www\codeigniter4\public\index.php(37): CodeIgniter\CodeIgniter->run()
#9 C:\laragon\www\codeigniter4\system\Commands\Server\rewrite.php(43): require_once('C:\\laragon\\www\\...')
#10 {main}
CRITICAL - 2022-03-27 20:48:49 --> Undefined variable: Porto
#0 C:\laragon\www\codeigniter4\app\Views\home.php(86): CodeIgniter\Debug\Exceptions->errorHandler(8, 'Undefined varia...', 'C:\\laragon\\www\\...', 86, Array)
#1 C:\laragon\www\codeigniter4\system\View\View.php(210): include('C:\\laragon\\www\\...')
#2 C:\laragon\www\codeigniter4\system\View\View.php(213): CodeIgniter\View\View->CodeIgniter\View\{closure}()
#3 C:\laragon\www\codeigniter4\system\Common.php(1089): CodeIgniter\View\View->render('home', Array, true)
#4 C:\laragon\www\codeigniter4\app\Controllers\Home.php(23): view('home', Array)
#5 C:\laragon\www\codeigniter4\system\CodeIgniter.php(832): App\Controllers\Home->index()
#6 C:\laragon\www\codeigniter4\system\CodeIgniter.php(419): CodeIgniter\CodeIgniter->runController(Object(App\Controllers\Home))
#7 C:\laragon\www\codeigniter4\system\CodeIgniter.php(326): CodeIgniter\CodeIgniter->handleRequest(NULL, Object(Config\Cache), false)
#8 C:\laragon\www\codeigniter4\public\index.php(37): CodeIgniter\CodeIgniter->run()
#9 C:\laragon\www\codeigniter4\system\Commands\Server\rewrite.php(43): require_once('C:\\laragon\\www\\...')
#10 {main}
CRITICAL - 2022-03-27 20:54:39 --> Cannot use object of type mysqli as array
#0 C:\laragon\www\codeigniter4\system\View\View.php(210): include()
#1 C:\laragon\www\codeigniter4\system\View\View.php(213): CodeIgniter\View\View->CodeIgniter\View\{closure}()
#2 C:\laragon\www\codeigniter4\system\Common.php(1089): CodeIgniter\View\View->render('home', Array, true)
#3 C:\laragon\www\codeigniter4\app\Controllers\Home.php(25): view('home', Array)
#4 C:\laragon\www\codeigniter4\system\CodeIgniter.php(832): App\Controllers\Home->index()
#5 C:\laragon\www\codeigniter4\system\CodeIgniter.php(419): CodeIgniter\CodeIgniter->runController(Object(App\Controllers\Home))
#6 C:\laragon\www\codeigniter4\system\CodeIgniter.php(326): CodeIgniter\CodeIgniter->handleRequest(NULL, Object(Config\Cache), false)
#7 C:\laragon\www\codeigniter4\public\index.php(37): CodeIgniter\CodeIgniter->run()
#8 C:\laragon\www\codeigniter4\system\Commands\Server\rewrite.php(43): require_once('C:\\laragon\\www\\...')
#9 {main}
CRITICAL - 2022-03-27 20:56:11 --> Cannot use object of type mysqli as array
#0 C:\laragon\www\codeigniter4\system\View\View.php(210): include()
#1 C:\laragon\www\codeigniter4\system\View\View.php(213): CodeIgniter\View\View->CodeIgniter\View\{closure}()
#2 C:\laragon\www\codeigniter4\system\Common.php(1089): CodeIgniter\View\View->render('home', Array, true)
#3 C:\laragon\www\codeigniter4\app\Controllers\Home.php(25): view('home', Array)
#4 C:\laragon\www\codeigniter4\system\CodeIgniter.php(832): App\Controllers\Home->index()
#5 C:\laragon\www\codeigniter4\system\CodeIgniter.php(419): CodeIgniter\CodeIgniter->runController(Object(App\Controllers\Home))
#6 C:\laragon\www\codeigniter4\system\CodeIgniter.php(326): CodeIgniter\CodeIgniter->handleRequest(NULL, Object(Config\Cache), false)
#7 C:\laragon\www\codeigniter4\public\index.php(37): CodeIgniter\CodeIgniter->run()
#8 C:\laragon\www\codeigniter4\system\Commands\Server\rewrite.php(43): require_once('C:\\laragon\\www\\...')
#9 {main}
CRITICAL - 2022-03-27 22:11:24 --> Call to a member function getResult() on array
#0 C:\laragon\www\codeigniter4\system\View\View.php(210): include()
#1 C:\laragon\www\codeigniter4\system\View\View.php(213): CodeIgniter\View\View->CodeIgniter\View\{closure}()
#2 C:\laragon\www\codeigniter4\system\Common.php(1089): CodeIgniter\View\View->render('home', Array, true)
#3 C:\laragon\www\codeigniter4\app\Controllers\Home.php(25): view('home', Array)
#4 C:\laragon\www\codeigniter4\system\CodeIgniter.php(832): App\Controllers\Home->index()
#5 C:\laragon\www\codeigniter4\system\CodeIgniter.php(419): CodeIgniter\CodeIgniter->runController(Object(App\Controllers\Home))
#6 C:\laragon\www\codeigniter4\system\CodeIgniter.php(326): CodeIgniter\CodeIgniter->handleRequest(NULL, Object(Config\Cache), false)
#7 C:\laragon\www\codeigniter4\public\index.php(37): CodeIgniter\CodeIgniter->run()
#8 C:\laragon\www\codeigniter4\system\Commands\Server\rewrite.php(43): require_once('C:\\laragon\\www\\...')
#9 {main}
CRITICAL - 2022-03-27 22:11:41 --> Undefined variable: edu_data
#0 C:\laragon\www\codeigniter4\app\Views\home.php(86): CodeIgniter\Debug\Exceptions->errorHandler(8, 'Undefined varia...', 'C:\\laragon\\www\\...', 86, Array)
#1 C:\laragon\www\codeigniter4\system\View\View.php(210): include('C:\\laragon\\www\\...')
#2 C:\laragon\www\codeigniter4\system\View\View.php(213): CodeIgniter\View\View->CodeIgniter\View\{closure}()
#3 C:\laragon\www\codeigniter4\system\Common.php(1089): CodeIgniter\View\View->render('home', Array, true)
#4 C:\laragon\www\codeigniter4\app\Controllers\Home.php(25): view('home', Array)
#5 C:\laragon\www\codeigniter4\system\CodeIgniter.php(832): App\Controllers\Home->index()
#6 C:\laragon\www\codeigniter4\system\CodeIgniter.php(419): CodeIgniter\CodeIgniter->runController(Object(App\Controllers\Home))
#7 C:\laragon\www\codeigniter4\system\CodeIgniter.php(326): CodeIgniter\CodeIgniter->handleRequest(NULL, Object(Config\Cache), false)
#8 C:\laragon\www\codeigniter4\public\index.php(37): CodeIgniter\CodeIgniter->run()
#9 C:\laragon\www\codeigniter4\system\Commands\Server\rewrite.php(43): require_once('C:\\laragon\\www\\...')
#10 {main}
CRITICAL - 2022-03-27 22:11:42 --> Undefined variable: edu_data
#0 C:\laragon\www\codeigniter4\app\Views\home.php(86): CodeIgniter\Debug\Exceptions->errorHandler(8, 'Undefined varia...', 'C:\\laragon\\www\\...', 86, Array)
#1 C:\laragon\www\codeigniter4\system\View\View.php(210): include('C:\\laragon\\www\\...')
#2 C:\laragon\www\codeigniter4\system\View\View.php(213): CodeIgniter\View\View->CodeIgniter\View\{closure}()
#3 C:\laragon\www\codeigniter4\system\Common.php(1089): CodeIgniter\View\View->render('home', Array, true)
#4 C:\laragon\www\codeigniter4\app\Controllers\Home.php(25): view('home', Array)
#5 C:\laragon\www\codeigniter4\system\CodeIgniter.php(832): App\Controllers\Home->index()
#6 C:\laragon\www\codeigniter4\system\CodeIgniter.php(419): CodeIgniter\CodeIgniter->runController(Object(App\Controllers\Home))
#7 C:\laragon\www\codeigniter4\system\CodeIgniter.php(326): CodeIgniter\CodeIgniter->handleRequest(NULL, Object(Config\Cache), false)
#8 C:\laragon\www\codeigniter4\public\index.php(37): CodeIgniter\CodeIgniter->run()
#9 C:\laragon\www\codeigniter4\system\Commands\Server\rewrite.php(43): require_once('C:\\laragon\\www\\...')
#10 {main}
CRITICAL - 2022-03-27 22:12:07 --> Call to undefined method CodeIgniter\Database\MySQLi\Builder::getResult()
#0 C:\laragon\www\codeigniter4\system\View\View.php(210): include()
#1 C:\laragon\www\codeigniter4\system\View\View.php(213): CodeIgniter\View\View->CodeIgniter\View\{closure}()
#2 C:\laragon\www\codeigniter4\system\Common.php(1089): CodeIgniter\View\View->render('home', Array, true)
#3 C:\laragon\www\codeigniter4\app\Controllers\Home.php(25): view('home', Array)
#4 C:\laragon\www\codeigniter4\system\CodeIgniter.php(832): App\Controllers\Home->index()
#5 C:\laragon\www\codeigniter4\system\CodeIgniter.php(419): CodeIgniter\CodeIgniter->runController(Object(App\Controllers\Home))
#6 C:\laragon\www\codeigniter4\system\CodeIgniter.php(326): CodeIgniter\CodeIgniter->handleRequest(NULL, Object(Config\Cache), false)
#7 C:\laragon\www\codeigniter4\public\index.php(37): CodeIgniter\CodeIgniter->run()
#8 C:\laragon\www\codeigniter4\system\Commands\Server\rewrite.php(43): require_once('C:\\laragon\\www\\...')
#9 {main}
CRITICAL - 2022-03-27 22:12:21 --> Undefined index: edu_in
#0 C:\laragon\www\codeigniter4\app\Views\home.php(89): CodeIgniter\Debug\Exceptions->errorHandler(8, 'Undefined index...', 'C:\\laragon\\www\\...', 89, Array)
#1 C:\laragon\www\codeigniter4\system\View\View.php(210): include('C:\\laragon\\www\\...')
#2 C:\laragon\www\codeigniter4\system\View\View.php(213): CodeIgniter\View\View->CodeIgniter\View\{closure}()
#3 C:\laragon\www\codeigniter4\system\Common.php(1089): CodeIgniter\View\View->render('home', Array, true)
#4 C:\laragon\www\codeigniter4\app\Controllers\Home.php(25): view('home', Array)
#5 C:\laragon\www\codeigniter4\system\CodeIgniter.php(832): App\Controllers\Home->index()
#6 C:\laragon\www\codeigniter4\system\CodeIgniter.php(419): CodeIgniter\CodeIgniter->runController(Object(App\Controllers\Home))
#7 C:\laragon\www\codeigniter4\system\CodeIgniter.php(326): CodeIgniter\CodeIgniter->handleRequest(NULL, Object(Config\Cache), false)
#8 C:\laragon\www\codeigniter4\public\index.php(37): CodeIgniter\CodeIgniter->run()
#9 C:\laragon\www\codeigniter4\system\Commands\Server\rewrite.php(43): require_once('C:\\laragon\\www\\...')
#10 {main}
CRITICAL - 2022-03-27 22:14:04 --> Call to undefined method CodeIgniter\Database\MySQLi\Builder::getResultArray()
#0 C:\laragon\www\codeigniter4\app\Controllers\Home.php(18): App\Models\PortoModel->getEdu()
#1 C:\laragon\www\codeigniter4\system\CodeIgniter.php(832): App\Controllers\Home->index()
#2 C:\laragon\www\codeigniter4\system\CodeIgniter.php(419): CodeIgniter\CodeIgniter->runController(Object(App\Controllers\Home))
#3 C:\laragon\www\codeigniter4\system\CodeIgniter.php(326): CodeIgniter\CodeIgniter->handleRequest(NULL, Object(Config\Cache), false)
#4 C:\laragon\www\codeigniter4\public\index.php(37): CodeIgniter\CodeIgniter->run()
#5 C:\laragon\www\codeigniter4\system\Commands\Server\rewrite.php(43): require_once('C:\\laragon\\www\\...')
#6 {main}
CRITICAL - 2022-03-27 22:15:15 --> Call to undefined method CodeIgniter\Database\MySQLi\Builder::getResultArray()
#0 C:\laragon\www\codeigniter4\app\Controllers\Home.php(18): App\Models\PortoModel->getEdu()
#1 C:\laragon\www\codeigniter4\system\CodeIgniter.php(832): App\Controllers\Home->index()
#2 C:\laragon\www\codeigniter4\system\CodeIgniter.php(419): CodeIgniter\CodeIgniter->runController(Object(App\Controllers\Home))
#3 C:\laragon\www\codeigniter4\system\CodeIgniter.php(326): CodeIgniter\CodeIgniter->handleRequest(NULL, Object(Config\Cache), false)
#4 C:\laragon\www\codeigniter4\public\index.php(37): CodeIgniter\CodeIgniter->run()
#5 C:\laragon\www\codeigniter4\system\Commands\Server\rewrite.php(43): require_once('C:\\laragon\\www\\...')
#6 {main}
CRITICAL - 2022-03-27 22:15:16 --> Call to undefined method CodeIgniter\Database\MySQLi\Builder::getResultArray()
#0 C:\laragon\www\codeigniter4\app\Controllers\Home.php(18): App\Models\PortoModel->getEdu()
#1 C:\laragon\www\codeigniter4\system\CodeIgniter.php(832): App\Controllers\Home->index()
#2 C:\laragon\www\codeigniter4\system\CodeIgniter.php(419): CodeIgniter\CodeIgniter->runController(Object(App\Controllers\Home))
#3 C:\laragon\www\codeigniter4\system\CodeIgniter.php(326): CodeIgniter\CodeIgniter->handleRequest(NULL, Object(Config\Cache), false)
#4 C:\laragon\www\codeigniter4\public\index.php(37): CodeIgniter\CodeIgniter->run()
#5 C:\laragon\www\codeigniter4\system\Commands\Server\rewrite.php(43): require_once('C:\\laragon\\www\\...')
#6 {main}
CRITICAL - 2022-03-27 22:15:43 --> Call to undefined method App\Models\PortoModel::getEdu
#0 C:\laragon\www\codeigniter4\app\Controllers\Home.php(18): CodeIgniter\Model->__call('getEdu', Array)
#1 C:\laragon\www\codeigniter4\system\CodeIgniter.php(832): App\Controllers\Home->index()
#2 C:\laragon\www\codeigniter4\system\CodeIgniter.php(419): CodeIgniter\CodeIgniter->runController(Object(App\Controllers\Home))
#3 C:\laragon\www\codeigniter4\system\CodeIgniter.php(326): CodeIgniter\CodeIgniter->handleRequest(NULL, Object(Config\Cache), false)
#4 C:\laragon\www\codeigniter4\public\index.php(37): CodeIgniter\CodeIgniter->run()
#5 C:\laragon\www\codeigniter4\system\Commands\Server\rewrite.php(43): require_once('C:\\laragon\\www\\...')
#6 {main}
CRITICAL - 2022-03-27 22:16:42 --> Call to a member function findAll() on null
#0 C:\laragon\www\codeigniter4\system\CodeIgniter.php(832): App\Controllers\Home->index()
#1 C:\laragon\www\codeigniter4\system\CodeIgniter.php(419): CodeIgniter\CodeIgniter->runController(Object(App\Controllers\Home))
#2 C:\laragon\www\codeigniter4\system\CodeIgniter.php(326): CodeIgniter\CodeIgniter->handleRequest(NULL, Object(Config\Cache), false)
#3 C:\laragon\www\codeigniter4\public\index.php(37): CodeIgniter\CodeIgniter->run()
#4 C:\laragon\www\codeigniter4\system\Commands\Server\rewrite.php(43): require_once('C:\\laragon\\www\\...')
#5 {main}
CRITICAL - 2022-03-27 22:51:03 --> Undefined variable: porto
#0 C:\laragon\www\codeigniter4\app\Views\home.php(86): CodeIgniter\Debug\Exceptions->errorHandler(8, 'Undefined varia...', 'C:\\laragon\\www\\...', 86, Array)
#1 C:\laragon\www\codeigniter4\system\View\View.php(210): include('C:\\laragon\\www\\...')
#2 C:\laragon\www\codeigniter4\system\View\View.php(213): CodeIgniter\View\View->CodeIgniter\View\{closure}()
#3 C:\laragon\www\codeigniter4\system\Common.php(1089): CodeIgniter\View\View->render('home', Array, true)
#4 C:\laragon\www\codeigniter4\app\Controllers\Home.php(13): view('home', Array)
#5 C:\laragon\www\codeigniter4\system\CodeIgniter.php(832): App\Controllers\Home->index()
#6 C:\laragon\www\codeigniter4\system\CodeIgniter.php(419): CodeIgniter\CodeIgniter->runController(Object(App\Controllers\Home))
#7 C:\laragon\www\codeigniter4\system\CodeIgniter.php(326): CodeIgniter\CodeIgniter->handleRequest(NULL, Object(Config\Cache), false)
#8 C:\laragon\www\codeigniter4\public\index.php(37): CodeIgniter\CodeIgniter->run()
#9 C:\laragon\www\codeigniter4\system\Commands\Server\rewrite.php(43): require_once('C:\\laragon\\www\\...')
#10 {main}
CRITICAL - 2022-03-27 22:51:30 --> Undefined variable: title
#0 C:\laragon\www\codeigniter4\app\Views\template.php(5): CodeIgniter\Debug\Exceptions->errorHandler(8, 'Undefined varia...', 'C:\\laragon\\www\\...', 5, Array)
#1 C:\laragon\www\codeigniter4\system\View\View.php(210): include('C:\\laragon\\www\\...')
#2 C:\laragon\www\codeigniter4\system\View\View.php(213): CodeIgniter\View\View->CodeIgniter\View\{closure}()
#3 C:\laragon\www\codeigniter4\system\View\View.php(226): CodeIgniter\View\View->render('template', Array, true)
#4 C:\laragon\www\codeigniter4\system\Common.php(1089): CodeIgniter\View\View->render('home', Array, true)
#5 C:\laragon\www\codeigniter4\app\Controllers\Home.php(13): view('home', Array)
#6 C:\laragon\www\codeigniter4\system\CodeIgniter.php(832): App\Controllers\Home->index()
#7 C:\laragon\www\codeigniter4\system\CodeIgniter.php(419): CodeIgniter\CodeIgniter->runController(Object(App\Controllers\Home))
#8 C:\laragon\www\codeigniter4\system\CodeIgniter.php(326): CodeIgniter\CodeIgniter->handleRequest(NULL, Object(Config\Cache), false)
#9 C:\laragon\www\codeigniter4\public\index.php(37): CodeIgniter\CodeIgniter->run()
#10 C:\laragon\www\codeigniter4\system\Commands\Server\rewrite.php(43): require_once('C:\\laragon\\www\\...')
#11 {main}
CRITICAL - 2022-03-27 22:52:02 --> Undefined variable: title
#0 C:\laragon\www\codeigniter4\app\Views\template.php(5): CodeIgniter\Debug\Exceptions->errorHandler(8, 'Undefined varia...', 'C:\\laragon\\www\\...', 5, Array)
#1 C:\laragon\www\codeigniter4\system\View\View.php(210): include('C:\\laragon\\www\\...')
#2 C:\laragon\www\codeigniter4\system\View\View.php(213): CodeIgniter\View\View->CodeIgniter\View\{closure}()
#3 C:\laragon\www\codeigniter4\system\View\View.php(226): CodeIgniter\View\View->render('template', Array, true)
#4 C:\laragon\www\codeigniter4\system\Common.php(1089): CodeIgniter\View\View->render('home', Array, true)
#5 C:\laragon\www\codeigniter4\app\Controllers\Home.php(13): view('home', Array)
#6 C:\laragon\www\codeigniter4\system\CodeIgniter.php(832): App\Controllers\Home->index()
#7 C:\laragon\www\codeigniter4\system\CodeIgniter.php(419): CodeIgniter\CodeIgniter->runController(Object(App\Controllers\Home))
#8 C:\laragon\www\codeigniter4\system\CodeIgniter.php(326): CodeIgniter\CodeIgniter->handleRequest(NULL, Object(Config\Cache), false)
#9 C:\laragon\www\codeigniter4\public\index.php(37): CodeIgniter\CodeIgniter->run()
#10 C:\laragon\www\codeigniter4\system\Commands\Server\rewrite.php(43): require_once('C:\\laragon\\www\\...')
#11 {main}
CRITICAL - 2022-03-27 23:15:31 --> Undefined variable: porto
#0 C:\laragon\www\codeigniter4\app\Views\home.php(86): CodeIgniter\Debug\Exceptions->errorHandler(8, 'Undefined varia...', 'C:\\laragon\\www\\...', 86, Array)
#1 C:\laragon\www\codeigniter4\system\View\View.php(210): include('C:\\laragon\\www\\...')
#2 C:\laragon\www\codeigniter4\system\View\View.php(213): CodeIgniter\View\View->CodeIgniter\View\{closure}()
#3 C:\laragon\www\codeigniter4\system\Common.php(1089): CodeIgniter\View\View->render('home', Array, true)
#4 C:\laragon\www\codeigniter4\app\Controllers\Home.php(18): view('home', Array)
#5 C:\laragon\www\codeigniter4\system\CodeIgniter.php(832): App\Controllers\Home->index()
#6 C:\laragon\www\codeigniter4\system\CodeIgniter.php(419): CodeIgniter\CodeIgniter->runController(Object(App\Controllers\Home))
#7 C:\laragon\www\codeigniter4\system\CodeIgniter.php(326): CodeIgniter\CodeIgniter->handleRequest(NULL, Object(Config\Cache), false)
#8 C:\laragon\www\codeigniter4\public\index.php(37): CodeIgniter\CodeIgniter->run()
#9 C:\laragon\www\codeigniter4\system\Commands\Server\rewrite.php(43): require_once('C:\\laragon\\www\\...')
#10 {main}
