CRITICAL - 2022-03-15 22:17:16 --> Too few arguments to function CodeIgniter\Router\RouteCollection::get(), 1 passed in C:\laragon\www\codeigniter4\app\Config\Routes.php on line 35 and at least 2 expected
#0 C:\laragon\www\codeigniter4\app\Config\Routes.php(35): CodeIgniter\Router\RouteCollection->get('/')
#1 C:\laragon\www\codeigniter4\system\CodeIgniter.php(713): require('C:\\laragon\\www\\...')
#2 C:\laragon\www\codeigniter4\system\CodeIgniter.php(368): CodeIgniter\CodeIgniter->tryToRouteIt(Object(CodeIgniter\Router\RouteCollection))
#3 C:\laragon\www\codeigniter4\system\CodeIgniter.php(326): CodeIgniter\CodeIgniter->handleRequest(NULL, Object(Config\Cache), false)
#4 C:\laragon\www\codeigniter4\public\index.php(37): CodeIgniter\CodeIgniter->run()
#5 C:\laragon\www\codeigniter4\system\Commands\Server\rewrite.php(43): require_once('C:\\laragon\\www\\...')
#6 {main}
CRITICAL - 2022-03-15 22:17:16 --> Too few arguments to function CodeIgniter\Router\RouteCollection::get(), 1 passed in C:\laragon\www\codeigniter4\app\Config\Routes.php on line 35 and at least 2 expected
#0 C:\laragon\www\codeigniter4\app\Config\Routes.php(35): CodeIgniter\Router\RouteCollection->get('/')
#1 C:\laragon\www\codeigniter4\system\CodeIgniter.php(713): require('C:\\laragon\\www\\...')
#2 C:\laragon\www\codeigniter4\system\CodeIgniter.php(368): CodeIgniter\CodeIgniter->tryToRouteIt(Object(CodeIgniter\Router\RouteCollection))
#3 C:\laragon\www\codeigniter4\system\CodeIgniter.php(326): CodeIgniter\CodeIgniter->handleRequest(NULL, Object(Config\Cache), false)
#4 C:\laragon\www\codeigniter4\public\index.php(37): CodeIgniter\CodeIgniter->run()
#5 C:\laragon\www\codeigniter4\system\Commands\Server\rewrite.php(43): require_once('C:\\laragon\\www\\...')
#6 {main}
CRITICAL - 2022-03-15 22:17:29 --> Undefined offset: 1
#0 C:\laragon\www\codeigniter4\system\Router\Router.php(431): CodeIgniter\Debug\Exceptions->errorHandler(8, 'Undefined offse...', 'C:\\laragon\\www\\...', 431, Array)
#1 C:\laragon\www\codeigniter4\system\Router\Router.php(154): CodeIgniter\Router\Router->checkRoutes('/')
#2 C:\laragon\www\codeigniter4\system\CodeIgniter.php(726): CodeIgniter\Router\Router->handle('/')
#3 C:\laragon\www\codeigniter4\system\CodeIgniter.php(368): CodeIgniter\CodeIgniter->tryToRouteIt(Object(CodeIgniter\Router\RouteCollection))
#4 C:\laragon\www\codeigniter4\system\CodeIgniter.php(326): CodeIgniter\CodeIgniter->handleRequest(NULL, Object(Config\Cache), false)
#5 C:\laragon\www\codeigniter4\public\index.php(37): CodeIgniter\CodeIgniter->run()
#6 C:\laragon\www\codeigniter4\system\Commands\Server\rewrite.php(43): require_once('C:\\laragon\\www\\...')
#7 {main}
