ERROR - 2022-04-03 08:27:53 --> Unknown column 'edu_id' in 'order clause'
CRITICAL - 2022-04-03 08:27:53 --> Unknown column 'edu_id' in 'order clause'
#0 C:\laragon\www\codeigniter4\system\Database\MySQLi\Connection.php(292): mysqli->query('SELECT *\nFROM `...', 0)
#1 C:\laragon\www\codeigniter4\system\Database\BaseConnection.php(670): CodeIgniter\Database\MySQLi\Connection->execute('SELECT *\nFROM `...')
#2 C:\laragon\www\codeigniter4\system\Database\BaseConnection.php(598): CodeIgniter\Database\BaseConnection->simpleQuery('SELECT *\nFROM `...')
#3 C:\laragon\www\codeigniter4\system\Database\BaseBuilder.php(1455): CodeIgniter\Database\BaseConnection->query('SELECT *\nFROM `...', Array, false)
#4 C:\laragon\www\codeigniter4\app\Models\PortoModel.php(21): CodeIgniter\Database\BaseBuilder->get()
#5 C:\laragon\www\codeigniter4\app\Controllers\Home.php(16): App\Models\PortoModel->getExp()
#6 C:\laragon\www\codeigniter4\system\CodeIgniter.php(832): App\Controllers\Home->index()
#7 C:\laragon\www\codeigniter4\system\CodeIgniter.php(419): CodeIgniter\CodeIgniter->runController(Object(App\Controllers\Home))
#8 C:\laragon\www\codeigniter4\system\CodeIgniter.php(326): CodeIgniter\CodeIgniter->handleRequest(NULL, Object(Config\Cache), false)
#9 C:\laragon\www\codeigniter4\public\index.php(37): CodeIgniter\CodeIgniter->run()
#10 C:\laragon\www\codeigniter4\system\Commands\Server\rewrite.php(43): require_once('C:\\laragon\\www\\...')
#11 {main}
CRITICAL - 2022-04-03 08:29:40 --> Undefined index: edu_in
#0 C:\laragon\www\codeigniter4\app\Views\home.php(110): CodeIgniter\Debug\Exceptions->errorHandler(8, 'Undefined index...', 'C:\\laragon\\www\\...', 110, Array)
#1 C:\laragon\www\codeigniter4\system\View\View.php(210): include('C:\\laragon\\www\\...')
#2 C:\laragon\www\codeigniter4\system\View\View.php(213): CodeIgniter\View\View->CodeIgniter\View\{closure}()
#3 C:\laragon\www\codeigniter4\system\Common.php(1089): CodeIgniter\View\View->render('home', Array, true)
#4 C:\laragon\www\codeigniter4\app\Controllers\Home.php(18): view('home', Array)
#5 C:\laragon\www\codeigniter4\system\CodeIgniter.php(832): App\Controllers\Home->index()
#6 C:\laragon\www\codeigniter4\system\CodeIgniter.php(419): CodeIgniter\CodeIgniter->runController(Object(App\Controllers\Home))
#7 C:\laragon\www\codeigniter4\system\CodeIgniter.php(326): CodeIgniter\CodeIgniter->handleRequest(NULL, Object(Config\Cache), false)
#8 C:\laragon\www\codeigniter4\public\index.php(37): CodeIgniter\CodeIgniter->run()
#9 C:\laragon\www\codeigniter4\system\Commands\Server\rewrite.php(43): require_once('C:\\laragon\\www\\...')
#10 {main}
CRITICAL - 2022-04-03 08:29:41 --> Undefined index: edu_in
#0 C:\laragon\www\codeigniter4\app\Views\home.php(110): CodeIgniter\Debug\Exceptions->errorHandler(8, 'Undefined index...', 'C:\\laragon\\www\\...', 110, Array)
#1 C:\laragon\www\codeigniter4\system\View\View.php(210): include('C:\\laragon\\www\\...')
#2 C:\laragon\www\codeigniter4\system\View\View.php(213): CodeIgniter\View\View->CodeIgniter\View\{closure}()
#3 C:\laragon\www\codeigniter4\system\Common.php(1089): CodeIgniter\View\View->render('home', Array, true)
#4 C:\laragon\www\codeigniter4\app\Controllers\Home.php(18): view('home', Array)
#5 C:\laragon\www\codeigniter4\system\CodeIgniter.php(832): App\Controllers\Home->index()
#6 C:\laragon\www\codeigniter4\system\CodeIgniter.php(419): CodeIgniter\CodeIgniter->runController(Object(App\Controllers\Home))
#7 C:\laragon\www\codeigniter4\system\CodeIgniter.php(326): CodeIgniter\CodeIgniter->handleRequest(NULL, Object(Config\Cache), false)
#8 C:\laragon\www\codeigniter4\public\index.php(37): CodeIgniter\CodeIgniter->run()
#9 C:\laragon\www\codeigniter4\system\Commands\Server\rewrite.php(43): require_once('C:\\laragon\\www\\...')
#10 {main}
